<?xml version="1.0" encoding="UTF-8"?>
<!-- Generated by org.testng.reporters.JUnitXMLReporter -->
<testsuite ignored="0" hostname="veda-home" failures="0" tests="3" name="Default test" time="0.037" errors="0" timestamp="2024-09-23T09:35:36 IST">
  <testcase classname="ChildClass" name="getConstuctorClass" time="0.01"/>
  <testcase classname="ChildClass" name="getParentClassMethod" time="0.001"/>
  <testcase classname="ParentClass" name="parentMethod" time="0.0"/>
</testsuite> <!-- Default test -->
