<?xml version="1.0" encoding="UTF-8"?>
<!-- Generated by org.testng.reporters.JUnitXMLReporter -->
<testsuite ignored="0" hostname="veda-home" failures="0" tests="6" name="Default test" time="0.041" errors="0" timestamp="2024-09-20T13:24:21 IST">
  <testcase classname="test.CarLoan2" name="MobileWebCarLogin" time="0.007"/>
  <testcase classname="test.CarLoan2" name="SecondCar" time="0.003"/>
  <testcase classname="test.CarLoan2" name="SecondCar" time="0.001"/>
  <testcase classname="test.CarLoan2" name="SecondCar" time="0.001"/>
  <testcase classname="test.CarLoan2" name="UsernameCar" time="0.0"/>
  <testcase classname="test.CarLoan2" name="UsernameCar" time="0.001"/>
</testsuite> <!-- Default test -->
