<?xml version="1.0" encoding="UTF-8"?>
<!-- Generated by org.testng.reporters.JUnitXMLReporter -->
<testsuite ignored="0" hostname="veda-home" failures="0" tests="10" name="Car Loan" time="0.057" errors="0" timestamp="2024-09-20T13:26:58 IST">
  <testcase classname="test.CarLoan" name="LoginAPICL" time="0.009"/>
  <testcase classname="test.CarLoan" name="MobileLogOutCL" time="0.001"/>
  <testcase classname="test.CarLoan" name="MobileLoginCL" time="0.0"/>
  <testcase classname="test.CarLoan" name="WebLoginCL" time="0.001"/>
  <testcase classname="test.CarLoan2" name="MobileWebCarLogin" time="0.001"/>
  <testcase classname="test.CarLoan2" name="SecondCar" time="0.003"/>
  <testcase classname="test.CarLoan2" name="SecondCar" time="0.0"/>
  <testcase classname="test.CarLoan2" name="SecondCar" time="0.001"/>
  <testcase classname="test.CarLoan2" name="UsernameCar" time="0.0"/>
  <testcase classname="test.CarLoan2" name="UsernameCar" time="0.0"/>
</testsuite> <!-- Car Loan -->
