<?xml version="1.0" encoding="UTF-8"?>
<!-- Generated by org.testng.reporters.JUnitXMLReporter -->
<testsuite ignored="1" hostname="veda-home" failures="0" tests="22" name="CarLoan" time="0.058" errors="0" timestamp="2024-09-20T18:42:29 IST">
  <testcase classname="test.Before" name="FirstTest" time="0.005"/>
  <testcase classname="test.Before" name="SecondTest" time="0.001"/>
  <testcase classname="test.CarLoan" name="LoginAPICL" time="0.001"/>
  <testcase classname="test.CarLoan" name="MobileLogOutCL" time="0.0"/>
  <testcase classname="test.CarLoan" name="MobileLoginCL" time="0.001"/>
  <testcase classname="test.CarLoan" name="WebLoginCL" time="0.001"/>
  <testcase classname="test.CarLoan2" name="MobileWebCarLogin" time="0.001"/>
  <testcase classname="test.CarLoan2" name="SecondCar" time="0.002"/>
  <testcase classname="test.CarLoan2" name="SecondCar" time="0.001"/>
  <testcase classname="test.CarLoan2" name="SecondCar" time="0.0"/>
  <testcase classname="test.CarLoan2" name="UsernameCar" time="0.001"/>
  <testcase classname="test.CarLoan2" name="UsernameCar" time="0.0"/>
  <testcase classname="test.HomeLoan" name="MobileSigninHL" time="0.0"/>
  <testcase classname="test.HomeLoan" name="WebLoginHL" time="0.001"/>
  <testcase classname="test.HomeLoan2" name="MobileWebHomeLogin" time="0.0"/>
  <testcase classname="test.HomeLoan2" name="SecondHome" time="0.0"/>
  <testcase classname="test.PersonalLoan" name="LoginAPIPL" time="0.0"/>
  <testcase classname="test.PersonalLoan" name="MobileLoginPL" time="0.0"/>
  <testcase classname="test.PersonalLoan" name="WebLoginPL" time="0.001"/>
  <testcase classname="test.PersonalLoan2" name="SecondPersonal" time="0.001"/>
  <testcase classname="test.HomeLoan" name="LoginAPIHL" time="0.0"/>
  <testcase classname="test.HomeLoan" name="MobileLogOutHL" time="0.0"/>
  <testcase classname="test.HomeLoan" name="Desktop" time="0.0">
    <ignored/>
  </testcase> <!-- Desktop -->
</testsuite> <!-- CarLoan -->
