<?xml version="1.0" encoding="UTF-8"?>
<!-- Generated by org.testng.reporters.JUnitXMLReporter -->
<testsuite ignored="4" hostname="veda-home" failures="0" tests="3" name="Home Loan" time="0.006" errors="0" timestamp="2024-09-20T13:26:58 IST">
  <testcase classname="test.HomeLoan" name="WebLoginHL" time="0.001"/>
  <testcase classname="test.HomeLoan2" name="MobileWebHomeLogin" time="0.001"/>
  <testcase classname="test.HomeLoan2" name="SecondHome" time="0.001"/>
  <testcase classname="test.HomeLoan" name="MobileSigninHL" time="0.0">
    <ignored/>
  </testcase> <!-- MobileSigninHL -->
  <testcase classname="test.HomeLoan" name="LoginAPIHL" time="0.0">
    <ignored/>
  </testcase> <!-- LoginAPIHL -->
  <testcase classname="test.HomeLoan" name="MobileLogOutHL" time="0.0">
    <ignored/>
  </testcase> <!-- MobileLogOutHL -->
  <testcase classname="test.HomeLoan" name="Desktop" time="0.0">
    <ignored/>
  </testcase> <!-- Desktop -->
</testsuite> <!-- Home Loan -->
