<?xml version="1.0" encoding="UTF-8"?>
<!-- Generated by org.testng.reporters.JUnitXMLReporter -->
<testsuite ignored="1" hostname="veda-home" failures="0" tests="3" name="Personal Loan" time="0.004" errors="0" timestamp="2024-09-20T13:26:58 IST">
  <testcase classname="test.PersonalLoan" name="LoginAPIPL" time="0.001"/>
  <testcase classname="test.PersonalLoan" name="WebLoginPL" time="0.001"/>
  <testcase classname="test.PersonalLoan2" name="SecondPersonal" time="0.001"/>
  <testcase classname="test.PersonalLoan" name="MobileLoginPL" time="0.0">
    <ignored/>
  </testcase> <!-- MobileLoginPL -->
</testsuite> <!-- Personal Loan -->
